+++++++++++++++++ DEBUG = True +++++++++++++++++++++++
get location: Berlin
try to get https://api.opensensemap.org/boxes?near=13.3992%2C+52.516221&maxDistance=30000&exposure=outdoor
                                          _id  ...                                        description
lastMeasurementAt                              ...                                                   
2025-01-13 10:59:00  5c2bca0e2c80100019218e6b  ...       http://luftdaten.info/feinstaubsensor-bauen/
2025-01-13 10:59:00  5d6e465a953683001a2b62c5  ...  Diese senseBox wurde Herrn Braun bei der Eröff...
2025-01-13 10:59:00  5d0bc7eb30bde6001a17e297  ...                            https://weather.23-5.eu
2025-01-13 10:57:00  5fa5cae667d8a1001b1e3fe6  ...                                                NaN
2025-01-13 10:59:00  5cf9874107460b001b828c5b  ...                                                NaN

[5 rows x 12 columns]
after removal of old data: (105, 12)
timeframe: 2025-01-12T12:00:00Z
Changed "Temperature" to "Temperatur"
Changed "Temperature" to "Temperatur"
Changed "Temperature" to "Temperatur"
Got: cube01
Got: Berlin Biesdorf
Got: airRohr-3111217
Got: Potsdam Hbf
Got: Kleinmachnow Homematic Outdoorsensor
Got: Stendaler Strasse
Got: Tempelhofer Damm / Paradestrasse - Outside
Got: sen1
Got: Gesellschaft zur Entwicklung von Dingen mbH
Got: Feinstaubsensor-01
Got: Landhaus Britz
Got: Feinstaubsensor
Got: RitterAirrohr
Got: Luftgüte
Got: Feinstaub Sensor P
Got: WanderRöhre
Got: Habichtwiese
Got: Groß Glienicke
Got: Kungerkiez
Got: Luftdaten-Roboboys
Got: Feinstaubsensor-Lausi
Got: HansOttoView
Got: HeinrichsSensor
Got: Updown
Got: Ansi
Got: Berlin-Lützowstr
Got: Kirchsteigstaub
Got: Ikarus 10
Got: Psk1
Got: Else 13
Got: KarowNordSensorjw002
Got: IBERLINB43
Got: Balkonien
Got: Outdoor Luftdaten
Got: Feinstaub_12209
Got: Ikarus 09
Got: Initiative Naturschutz in Karlshorst (INiKh_15)
Got: Ikarus 11
Got: Bernau-Friedenstal
Got: Bergfelde
Got: Berlin Steglitz
Got: AKIOT-SolarLoRaSensor-02
Got: AKIOT-SolarLoRaSensor-01
Got: Feinstaub Bollensdorf
Got: Berlepsch50
Got: Saarmunder Weg - Rehbrücke
Got: Comenius
Got: TBRFSEE
Got: Kiepenheuerallee 28
Got: Elfenbüro outside
Got: station
Got: Balkonium_1
Got: Feinstaub Scharnweber
Got: Straße 97
Got: kanenas
Got: espy
Got: BERUX sensebox 1
Got: Waidmannslust
Got: Gregorovius
Got: Mimosa
Got: B-MF-ESP-1
Got: Marienfelder Tor
Got: Feinstaubsensor-Ribeckweg
Got: DO1CCC Am Moabiter Stadtgarten / Westhafen
Got: Nowawes8
Got: Mahlsdorf Nord II
Got: Luftdaten Rabenhorst
Got: Feinstaubsensor Machbar Potsdam
Got: DivAirCity_Schilfhof
Got: Eichtownsensor
Got: Ikarus0 05b
Got: Solarlanlage Haus2
Got: Station Kaiser
Got: senseBox
Got: Gravenstein
Got: Wetterstation Schönburg
Got: Balkon heim
Got: INITIATIVE NATURSCHUTZ IN KARLSHORST (INIKH_03)
Got: Forststr.
Got: PR35
Got: SenseboxFred
Got: HZ140
Got: Bundeskanzleramt
Got: Ikarus 08
Got: Eiche KFS 128-131
Got: AGH52-1A
Got: Gartenarbeitsschule Lichtenberg
Got: Alfredstr.
Got: Victoriastadt
Got: 💨
Got: akiot-soundsensor02
Got: AKIOT-Soundsensor01
Got: Schule an der Jungfernheide (SADJ)
Got: Fuchsbau-OHV
Got: Wittenau
Got: DivAirCity001
Got: DL0PDM
Got: JahnBox
Got: Hintergarten
Got: Mqd_SchuWg_3A
Got: FRH-test
Got: weatherStationZille
Got: Mujahn
